Determining if the pthread_kill exist failed with the following output:
Change Dir: /root/server/build/CMakeFiles/CMakeTmp

Run Build Command(s):/usr/bin/gmake cmTC_1bdae/fast 
/usr/bin/gmake -f CMakeFiles/cmTC_1bdae.dir/build.make CMakeFiles/cmTC_1bdae.dir/build
gmake[1]: Entering directory `/root/server/build/CMakeFiles/CMakeTmp'
Building C object CMakeFiles/cmTC_1bdae.dir/CheckSymbolExists.c.o
/usr/bin/cc    -o CMakeFiles/cmTC_1bdae.dir/CheckSymbolExists.c.o   -c /root/server/build/CMakeFiles/CMakeTmp/CheckSymbolExists.c
/root/server/build/CMakeFiles/CMakeTmp/CheckSymbolExists.c: In function ‘main’:
/root/server/build/CMakeFiles/CMakeTmp/CheckSymbolExists.c:8:19: error: ‘pthread_kill’ undeclared (first use in this function)
   return ((int*)(&pthread_kill))[argc];
                   ^
/root/server/build/CMakeFiles/CMakeTmp/CheckSymbolExists.c:8:19: note: each undeclared identifier is reported only once for each function it appears in
gmake[1]: *** [CMakeFiles/cmTC_1bdae.dir/CheckSymbolExists.c.o] Error 1
gmake[1]: Leaving directory `/root/server/build/CMakeFiles/CMakeTmp'
gmake: *** [cmTC_1bdae/fast] Error 2

File /root/server/build/CMakeFiles/CMakeTmp/CheckSymbolExists.c:
/* */
#include <pthread.h>

int main(int argc, char** argv)
{
  (void)argv;
#ifndef pthread_kill
  return ((int*)(&pthread_kill))[argc];
#else
  (void)argc;
  return 0;
#endif
}

Determining if the function pthread_create exists in the pthreads failed with the following output:
Change Dir: /root/server/build/CMakeFiles/CMakeTmp

Run Build Command(s):/usr/bin/gmake cmTC_426dc/fast 
/usr/bin/gmake -f CMakeFiles/cmTC_426dc.dir/build.make CMakeFiles/cmTC_426dc.dir/build
gmake[1]: Entering directory `/root/server/build/CMakeFiles/CMakeTmp'
Building C object CMakeFiles/cmTC_426dc.dir/CheckFunctionExists.c.o
/usr/bin/cc   -DCHECK_FUNCTION_EXISTS=pthread_create   -o CMakeFiles/cmTC_426dc.dir/CheckFunctionExists.c.o   -c /usr/local/share/cmake-3.14/Modules/CheckFunctionExists.c
Linking C executable cmTC_426dc
/usr/local/bin/cmake -E cmake_link_script CMakeFiles/cmTC_426dc.dir/link.txt --verbose=1
/usr/bin/cc  -DCHECK_FUNCTION_EXISTS=pthread_create    -rdynamic CMakeFiles/cmTC_426dc.dir/CheckFunctionExists.c.o  -o cmTC_426dc -lpthreads 
/usr/bin/ld: cannot find -lpthreads
collect2: error: ld returned 1 exit status
gmake[1]: *** [cmTC_426dc] Error 1
gmake[1]: Leaving directory `/root/server/build/CMakeFiles/CMakeTmp'
gmake: *** [cmTC_426dc/fast] Error 2


